#Mode folder list

#:Popular
Marathon
SprintUltra
SprintLine
GrandFestival
PracticeMode
MarathonDrill
SprintDig
GrandMania
GrandMastery
MarathonExtreme
GrandStorm
GrandLightning
GrandBlossom
VSBattleMode

:Guidelines & Uniques
Marathon
MarathonExtreme
MarathonPlus
MarathonShuttle
MarathonDrill
PracticeMode
SquareMode
VSBattleMode
ToolVSMapEditMode

:Retrospective style
RetroClassic
RetroMarathon
RetroMania
RetroModern

:Trial Rush
SprintLine
SprintScore
SprintDig
SprintCombo
SprintUltra

:Grand Challenges
GrandFestival
GrandMarathon
GrandMania
GrandMastery
GrandStorm
GrandLightning
GrandMountain
GrandPhantom
GrandFinale
GrandRoads
GrandBlossom


:TYPE AVALANCHE
Avalanche1P
Avalanche1PFever
AvalancheVS
AvalancheVSFever
AvalancheVSDig
AvalancheVSBOMB
AvalancheVSSPF

:TYPE PHYSICIAN
Physician
PhysicianVS

:TYPE SPF
SPF
